[2013-03-03 15:58:32] request.ERROR: Uncaught PHP Exception Symfony\Component\HttpKernel\Exception\NotFoundHttpException: "No route found for "GET /"" at W:\domains\forex2.loc\Symfony\vendor\symfony\symfony\src\Symfony\Component\HttpKernel\EventListener\RouterListener.php line 94 [] []
[2013-03-03 15:59:04] request.ERROR: Uncaught PHP Exception Symfony\Component\HttpKernel\Exception\NotFoundHttpException: "No route found for "GET /symfony/web/config.php/"" at W:\domains\forex2.loc\Symfony\vendor\symfony\symfony\src\Symfony\Component\HttpKernel\EventListener\RouterListener.php line 94 [] []
[2013-03-03 15:59:11] request.ERROR: Uncaught PHP Exception Symfony\Component\HttpKernel\Exception\NotFoundHttpException: "No route found for "GET /web/config.php/"" at W:\domains\forex2.loc\Symfony\app\cache\prod\classes.php line 3587 [] []
[2013-03-03 16:00:56] request.ERROR: Uncaught PHP Exception Symfony\Component\HttpKernel\Exception\NotFoundHttpException: "No route found for "GET /bundles/framework/images/input_bg.gif"" at W:\domains\forex2.loc\Symfony\app\cache\prod\classes.php line 3587 [] []
[2013-03-03 16:01:44] request.ERROR: Uncaught PHP Exception Symfony\Component\HttpKernel\Exception\NotFoundHttpException: "No route found for "GET /bundles/framework/images/input_bg.gif"" at W:\domains\forex2.loc\Symfony\app\cache\prod\classes.php line 3587 [] []
[2013-03-03 16:04:46] request.ERROR: Uncaught PHP Exception Symfony\Component\HttpKernel\Exception\NotFoundHttpException: "No route found for "GET /bundles/framework/images/input_bg.gif"" at W:\domains\forex2.loc\Symfony\app\cache\prod\classes.php line 3587 [] []
[2013-03-08 20:12:35] request.ERROR: Uncaught PHP Exception Symfony\Component\HttpKernel\Exception\NotFoundHttpException: "No route found for "GET /"" at W:\domains\forex2.loc\Symfony\app\cache\prod\classes.php line 3587 [] []
[2013-03-15 15:16:34] request.ERROR: Uncaught PHP Exception Symfony\Component\HttpKernel\Exception\NotFoundHttpException: "No route found for "GET /"" at W:\domains\forex2.loc\Symfony\app\cache\prod\classes.php line 3587 [] []
[2013-03-15 15:16:54] request.ERROR: Uncaught PHP Exception Symfony\Component\HttpKernel\Exception\NotFoundHttpException: "No route found for "GET /bundles/framework/images/input_bg.gif"" at W:\domains\forex2.loc\Symfony\app\cache\prod\classes.php line 3587 [] []
[2013-03-15 15:18:06] request.ERROR: Uncaught PHP Exception Symfony\Component\HttpKernel\Exception\NotFoundHttpException: "No route found for "GET /bundles/framework/images/input_bg.gif"" at W:\domains\forex2.loc\Symfony\app\cache\prod\classes.php line 3587 [] []
[2013-03-16 02:12:21] request.ERROR: Uncaught PHP Exception Symfony\Component\HttpKernel\Exception\NotFoundHttpException: "No route found for "GET /"" at W:\domains\forex2.loc\Symfony\app\cache\prod\classes.php line 3587 [] []
[2013-03-16 02:55:09] request.ERROR: Uncaught PHP Exception Symfony\Component\HttpKernel\Exception\NotFoundHttpException: "No route found for "GET /bundles/framework/images/input_bg.gif"" at W:\domains\forex2.loc\Symfony\app\cache\prod\classes.php line 3587 [] []
[2013-03-16 02:55:45] request.ERROR: Uncaught PHP Exception Symfony\Component\HttpKernel\Exception\NotFoundHttpException: "No route found for "GET /bundles/framework/images/input_bg.gif"" at W:\domains\forex2.loc\Symfony\app\cache\prod\classes.php line 3587 [] []
[2013-03-16 02:56:17] request.ERROR: Uncaught PHP Exception Symfony\Component\HttpKernel\Exception\NotFoundHttpException: "No route found for "GET /bundles/framework/images/input_bg.gif"" at W:\domains\forex2.loc\Symfony\app\cache\prod\classes.php line 3587 [] []
[2013-03-16 02:56:24] request.ERROR: Uncaught PHP Exception Symfony\Component\HttpKernel\Exception\NotFoundHttpException: "No route found for "GET /bundles/framework/images/input_bg.gif"" at W:\domains\forex2.loc\Symfony\app\cache\prod\classes.php line 3587 [] []
[2013-03-16 02:56:34] request.ERROR: Uncaught PHP Exception Symfony\Component\HttpKernel\Exception\NotFoundHttpException: "No route found for "GET /bundles/framework/images/input_bg.gif"" at W:\domains\forex2.loc\Symfony\app\cache\prod\classes.php line 3587 [] []
[2013-03-17 13:01:09] request.ERROR: Uncaught PHP Exception Symfony\Component\HttpKernel\Exception\NotFoundHttpException: "No route found for "GET /"" at W:\domains\forex2.loc\Symfony\app\cache\prod\classes.php line 3587 [] []
[2013-03-17 14:19:42] request.ERROR: Uncaught PHP Exception Symfony\Component\HttpKernel\Exception\NotFoundHttpException: "No route found for "GET /css/reg.css"" at W:\domains\forex2.loc\Symfony\app\cache\prod\classes.php line 3587 [] []
[2013-03-17 14:19:42] request.ERROR: Uncaught PHP Exception Symfony\Component\HttpKernel\Exception\NotFoundHttpException: "No route found for "GET /css/style.css"" at W:\domains\forex2.loc\Symfony\app\cache\prod\classes.php line 3587 [] []
[2013-03-17 14:20:34] request.ERROR: Uncaught PHP Exception Symfony\Component\HttpKernel\Exception\NotFoundHttpException: "No route found for "GET /css/reg.css"" at W:\domains\forex2.loc\Symfony\app\cache\prod\classes.php line 3587 [] []
[2013-03-17 14:20:34] request.ERROR: Uncaught PHP Exception Symfony\Component\HttpKernel\Exception\NotFoundHttpException: "No route found for "GET /css/style.css"" at W:\domains\forex2.loc\Symfony\app\cache\prod\classes.php line 3587 [] []
[2013-03-17 14:21:08] request.ERROR: Uncaught PHP Exception Symfony\Component\HttpKernel\Exception\NotFoundHttpException: "No route found for "GET /css/style.css"" at W:\domains\forex2.loc\Symfony\app\cache\prod\classes.php line 3587 [] []
[2013-03-17 14:21:08] request.ERROR: Uncaught PHP Exception Symfony\Component\HttpKernel\Exception\NotFoundHttpException: "No route found for "GET /css/reg.css"" at W:\domains\forex2.loc\Symfony\app\cache\prod\classes.php line 3587 [] []
[2013-03-17 14:25:43] request.ERROR: Uncaught PHP Exception Symfony\Component\HttpKernel\Exception\NotFoundHttpException: "No route found for "GET /css/style.css"" at W:\domains\forex2.loc\Symfony\app\cache\prod\classes.php line 3587 [] []
[2013-03-17 14:25:43] request.ERROR: Uncaught PHP Exception Symfony\Component\HttpKernel\Exception\NotFoundHttpException: "No route found for "GET /css/reg.css"" at W:\domains\forex2.loc\Symfony\app\cache\prod\classes.php line 3587 [] []
[2013-03-17 14:29:01] request.ERROR: Uncaught PHP Exception Symfony\Component\HttpKernel\Exception\NotFoundHttpException: "No route found for "GET /css/reg.css"" at W:\domains\forex2.loc\Symfony\app\cache\prod\classes.php line 3587 [] []
[2013-03-17 14:29:27] request.ERROR: Uncaught PHP Exception Symfony\Component\HttpKernel\Exception\NotFoundHttpException: "No route found for "GET /css/reg.css"" at W:\domains\forex2.loc\Symfony\app\cache\prod\classes.php line 3587 [] []
[2013-03-19 02:14:10] request.ERROR: Uncaught PHP Exception Symfony\Component\HttpKernel\Exception\NotFoundHttpException: "No route found for "GET /web/config.php/"" at W:\domains\forex2.loc\Symfony\app\cache\prod\classes.php line 3587 [] []
[2013-03-19 02:16:07] request.ERROR: Uncaught PHP Exception Symfony\Component\HttpKernel\Exception\NotFoundHttpException: "No route found for "GET /"" at W:\domains\forex2.loc\Symfony\app\cache\prod\classes.php line 3587 [] []
[2013-03-19 02:16:23] request.ERROR: Uncaught PHP Exception Symfony\Component\HttpKernel\Exception\NotFoundHttpException: "No route found for "GET /_configurator"" at W:\domains\forex2.loc\Symfony\app\cache\prod\classes.php line 3587 [] []
[2013-03-19 02:16:40] request.ERROR: Uncaught PHP Exception Symfony\Component\HttpKernel\Exception\NotFoundHttpException: "No route found for "GET /bundles/framework/images/input_bg.gif"" at W:\domains\forex2.loc\Symfony\app\cache\prod\classes.php line 3587 [] []
[2013-03-26 20:34:01] request.ERROR: Uncaught PHP Exception Symfony\Component\HttpKernel\Exception\NotFoundHttpException: "No route found for "GET /"" at W:\domains\forex2.loc\Symfony\app\cache\prod\classes.php line 3587 [] []
[2013-03-27 23:22:45] request.ERROR: Uncaught PHP Exception Symfony\Component\HttpKernel\Exception\NotFoundHttpException: "No route found for "GET /"" at W:\domains\forex2.loc\Symfony\app\cache\prod\classes.php line 3587 [] []
